app/build/intermediates/manifest_merge_blame_file/release/manifest-merger-blame-release-report.txt
1<?xml version="1.0" encoding="utf-8"?>
2<manifest xmlns:android="http://schemas.android.com/apk/res/android"
3    package="com.filmsbykris.logcat"
4    android:versionCode="1"
5    android:versionName="1.0.0" >
6
7    <uses-sdk
8        android:minSdkVersion="1"
8-->src/main/AndroidManifest.xml
9        android:targetSdkVersion="29" />
9-->src/main/AndroidManifest.xml
10
11    <application
11-->src/main/AndroidManifest.xml:4:3-15:17
12        android:icon="@mipmap/ic_launcher"
12-->src/main/AndroidManifest.xml:6:5-39
13        android:label="@string/app_name" >
13-->src/main/AndroidManifest.xml:5:5-37
14        <activity
14-->src/main/AndroidManifest.xml:7:5-14:16
15            android:name="com.filmsbykris.logtime.MainActivity"
15-->src/main/AndroidManifest.xml:8:9-37
16            android:label="@string/app_name" >
16-->src/main/AndroidManifest.xml:9:9-41
17            <intent-filter>
17-->src/main/AndroidManifest.xml:10:7-13:23
18                <action android:name="android.intent.action.MAIN" />
18-->src/main/AndroidManifest.xml:11:9-60
18-->src/main/AndroidManifest.xml:11:17-58
19
20                <category android:name="android.intent.category.LAUNCHER" />
20-->src/main/AndroidManifest.xml:12:9-68
20-->src/main/AndroidManifest.xml:12:19-66
21            </intent-filter>
22        </activity>
23    </application>
24
25</manifest>